<?xml version="1.0" encoding="UTF-8"?>
<!-- Generated by org.testng.reporters.JUnitReportReporter -->
<testsuite name="scripts.TestValidLogin" tests="1" time="47.920" ignored="0" failures="0" timestamp="04 Sep 2019 09:35:02 GMT" skipped="0" hostname="DESKTOP-PL9F872" errors="0">
  <testcase name="testValidLogin" time="47.920" classname="scripts.TestValidLogin"/>
</testsuite> <!-- scripts.TestValidLogin -->
