<?xml version="1.0" encoding="UTF-8"?>
<!-- Generated by org.testng.reporters.JUnitReportReporter -->
<testsuite name="selenium.BaseTestNgClass" tests="1" time="0.021" ignored="0" failures="0" timestamp="22 Apr 2019 09:28:09 GMT" skipped="0" hostname="DESKTOP-PL9F872" errors="0">
  <testcase name="printA" time="0.021" classname="selenium.BaseTestNgClass"/>
</testsuite> <!-- selenium.BaseTestNgClass -->
