<?xml version="1.0" encoding="UTF-8"?>
<!-- Generated by org.testng.reporters.JUnitReportReporter -->
<testsuite name="testNg.DPUusingDataProviderAnnotationDemo" tests="3" time="0.052" ignored="0" failures="0" timestamp="25 Apr 2019 06:53:12 GMT" skipped="0" hostname="DESKTOP-PL9F872" errors="0">
  <testcase name="testLogin" time="0.000" classname="testNg.DPUusingDataProviderAnnotationDemo"/>
  <testcase name="testLogin" time="0.036" classname="testNg.DPUusingDataProviderAnnotationDemo"/>
  <testcase name="testLogin" time="0.016" classname="testNg.DPUusingDataProviderAnnotationDemo"/>
</testsuite> <!-- testNg.DPUusingDataProviderAnnotationDemo -->
